#Directory          Version
climit                  1
divide                  1
d_dt                    1
gain                    1
hyst                    1
ilimit                  1
int                     1
limit                   1
mult                    1
multi_input_pwl         1
oneshot                  2
pwl                      2
sine                     2
slew                    1
square                  1
summer                  1
s_xfer                   2
triangle                1
file_source              2
